INFO - 2023-12-04 15:35:18 --> Session: Class initialized using 'CodeIgniter\Session\Handlers\FileHandler' driver.
INFO - 2023-12-04 15:49:49 --> Session: Class initialized using 'CodeIgniter\Session\Handlers\FileHandler' driver.
INFO - 2023-12-04 15:49:50 --> Session: Class initialized using 'CodeIgniter\Session\Handlers\FileHandler' driver.
INFO - 2023-12-04 16:41:09 --> Session: Class initialized using 'CodeIgniter\Session\Handlers\FileHandler' driver.
INFO - 2023-12-04 17:55:35 --> Session: Class initialized using 'CodeIgniter\Session\Handlers\FileHandler' driver.
INFO - 2023-12-04 17:56:19 --> Session: Class initialized using 'CodeIgniter\Session\Handlers\FileHandler' driver.
INFO - 2023-12-04 17:56:50 --> Session: Class initialized using 'CodeIgniter\Session\Handlers\FileHandler' driver.
INFO - 2023-12-04 17:57:03 --> Session: Class initialized using 'CodeIgniter\Session\Handlers\FileHandler' driver.
INFO - 2023-12-04 19:01:33 --> Session: Class initialized using 'CodeIgniter\Session\Handlers\FileHandler' driver.
INFO - 2023-12-04 19:02:16 --> Session: Class initialized using 'CodeIgniter\Session\Handlers\FileHandler' driver.
INFO - 2023-12-04 19:02:31 --> Session: Class initialized using 'CodeIgniter\Session\Handlers\FileHandler' driver.
INFO - 2023-12-04 19:02:31 --> Session: Class initialized using 'CodeIgniter\Session\Handlers\FileHandler' driver.
INFO - 2023-12-04 19:03:00 --> Session: Class initialized using 'CodeIgniter\Session\Handlers\FileHandler' driver.
INFO - 2023-12-04 19:25:38 --> Session: Class initialized using 'CodeIgniter\Session\Handlers\FileHandler' driver.
INFO - 2023-12-04 19:28:12 --> Session: Class initialized using 'CodeIgniter\Session\Handlers\FileHandler' driver.
INFO - 2023-12-04 19:28:13 --> Session: Class initialized using 'CodeIgniter\Session\Handlers\FileHandler' driver.
CRITICAL - 2023-12-04 19:28:13 --> Call to undefined method App\Models\Vacunas::obtenerCantideVacunas
in SYSTEMPATH\Model.php on line 873.
 1 APPPATH\Controllers\Home.php(68): CodeIgniter\Model->__call('obtenerCantideVacunas', [])
 2 SYSTEMPATH\CodeIgniter.php(942): App\Controllers\Home->administracion()
 3 SYSTEMPATH\CodeIgniter.php(502): CodeIgniter\CodeIgniter->runController(Object(App\Controllers\Home))
 4 SYSTEMPATH\CodeIgniter.php(361): CodeIgniter\CodeIgniter->handleRequest(null, Object(Config\Cache), false)
 5 FCPATH\index.php(79): CodeIgniter\CodeIgniter->run()
INFO - 2023-12-04 19:29:38 --> Session: Class initialized using 'CodeIgniter\Session\Handlers\FileHandler' driver.
CRITICAL - 2023-12-04 19:29:38 --> Call to undefined method App\Models\Vacunas::obtenerCantideVacunas
in SYSTEMPATH\Model.php on line 873.
 1 APPPATH\Controllers\Home.php(68): CodeIgniter\Model->__call('obtenerCantideVacunas', [])
 2 SYSTEMPATH\CodeIgniter.php(942): App\Controllers\Home->administracion()
 3 SYSTEMPATH\CodeIgniter.php(502): CodeIgniter\CodeIgniter->runController(Object(App\Controllers\Home))
 4 SYSTEMPATH\CodeIgniter.php(361): CodeIgniter\CodeIgniter->handleRequest(null, Object(Config\Cache), false)
 5 FCPATH\index.php(79): CodeIgniter\CodeIgniter->run()
INFO - 2023-12-04 19:32:00 --> Session: Class initialized using 'CodeIgniter\Session\Handlers\FileHandler' driver.
CRITICAL - 2023-12-04 19:32:00 --> Undefined variable $CantidadVacunas
in APPPATH\Views\projects\administrar.php on line 134.
 1 APPPATH\Views\projects\administrar.php(134): CodeIgniter\Debug\Exceptions->errorHandler(2, 'Undefined variable $CantidadVacunas', 'C:\\xampp\\htdocs\\vacunacion_infantil\\app\\Views\\projects\\administrar.php', 134)
 2 SYSTEMPATH\View\View.php(228): include('C:\\xampp\\htdocs\\vacunacion_infantil\\app\\Views\\projects\\administrar.php')
 3 SYSTEMPATH\View\View.php(231): CodeIgniter\View\View->CodeIgniter\View\{closure}()
 4 SYSTEMPATH\Common.php(1190): CodeIgniter\View\View->render('projects/administrar', [], true)
 5 APPPATH\Controllers\Home.php(72): view('projects/administrar', [...])
 6 SYSTEMPATH\CodeIgniter.php(942): App\Controllers\Home->administracion()
 7 SYSTEMPATH\CodeIgniter.php(502): CodeIgniter\CodeIgniter->runController(Object(App\Controllers\Home))
 8 SYSTEMPATH\CodeIgniter.php(361): CodeIgniter\CodeIgniter->handleRequest(null, Object(Config\Cache), false)
 9 FCPATH\index.php(79): CodeIgniter\CodeIgniter->run()
INFO - 2023-12-04 19:32:53 --> Session: Class initialized using 'CodeIgniter\Session\Handlers\FileHandler' driver.
CRITICAL - 2023-12-04 19:32:53 --> Undefined variable $CantidaddeVacunas
in APPPATH\Views\projects\administrar.php on line 134.
 1 APPPATH\Views\projects\administrar.php(134): CodeIgniter\Debug\Exceptions->errorHandler(2, 'Undefined variable $CantidaddeVacunas', 'C:\\xampp\\htdocs\\vacunacion_infantil\\app\\Views\\projects\\administrar.php', 134)
 2 SYSTEMPATH\View\View.php(228): include('C:\\xampp\\htdocs\\vacunacion_infantil\\app\\Views\\projects\\administrar.php')
 3 SYSTEMPATH\View\View.php(231): CodeIgniter\View\View->CodeIgniter\View\{closure}()
 4 SYSTEMPATH\Common.php(1190): CodeIgniter\View\View->render('projects/administrar', [], true)
 5 APPPATH\Controllers\Home.php(72): view('projects/administrar', [...])
 6 SYSTEMPATH\CodeIgniter.php(942): App\Controllers\Home->administracion()
 7 SYSTEMPATH\CodeIgniter.php(502): CodeIgniter\CodeIgniter->runController(Object(App\Controllers\Home))
 8 SYSTEMPATH\CodeIgniter.php(361): CodeIgniter\CodeIgniter->handleRequest(null, Object(Config\Cache), false)
 9 FCPATH\index.php(79): CodeIgniter\CodeIgniter->run()
INFO - 2023-12-04 19:33:40 --> Session: Class initialized using 'CodeIgniter\Session\Handlers\FileHandler' driver.
INFO - 2023-12-04 19:49:26 --> Session: Class initialized using 'CodeIgniter\Session\Handlers\FileHandler' driver.
CRITICAL - 2023-12-04 19:49:26 --> Undefined variable $Cantidaddepacientes
in APPPATH\Views\projects\administrar.php on line 146.
 1 APPPATH\Views\projects\administrar.php(146): CodeIgniter\Debug\Exceptions->errorHandler(2, 'Undefined variable $Cantidaddepacientes', 'C:\\xampp\\htdocs\\vacunacion_infantil\\app\\Views\\projects\\administrar.php', 146)
 2 SYSTEMPATH\View\View.php(228): include('C:\\xampp\\htdocs\\vacunacion_infantil\\app\\Views\\projects\\administrar.php')
 3 SYSTEMPATH\View\View.php(231): CodeIgniter\View\View->CodeIgniter\View\{closure}()
 4 SYSTEMPATH\Common.php(1190): CodeIgniter\View\View->render('projects/administrar', [], true)
 5 APPPATH\Controllers\Home.php(77): view('projects/administrar', [...])
 6 SYSTEMPATH\CodeIgniter.php(942): App\Controllers\Home->administracion()
 7 SYSTEMPATH\CodeIgniter.php(502): CodeIgniter\CodeIgniter->runController(Object(App\Controllers\Home))
 8 SYSTEMPATH\CodeIgniter.php(361): CodeIgniter\CodeIgniter->handleRequest(null, Object(Config\Cache), false)
 9 FCPATH\index.php(79): CodeIgniter\CodeIgniter->run()
INFO - 2023-12-04 19:50:19 --> Session: Class initialized using 'CodeIgniter\Session\Handlers\FileHandler' driver.
CRITICAL - 2023-12-04 19:50:19 --> Undefined variable $Cantidaddepacientes
in APPPATH\Views\projects\administrar.php on line 146.
 1 APPPATH\Views\projects\administrar.php(146): CodeIgniter\Debug\Exceptions->errorHandler(2, 'Undefined variable $Cantidaddepacientes', 'C:\\xampp\\htdocs\\vacunacion_infantil\\app\\Views\\projects\\administrar.php', 146)
 2 SYSTEMPATH\View\View.php(228): include('C:\\xampp\\htdocs\\vacunacion_infantil\\app\\Views\\projects\\administrar.php')
 3 SYSTEMPATH\View\View.php(231): CodeIgniter\View\View->CodeIgniter\View\{closure}()
 4 SYSTEMPATH\Common.php(1190): CodeIgniter\View\View->render('projects/administrar', [], true)
 5 APPPATH\Controllers\Home.php(77): view('projects/administrar', [...])
 6 SYSTEMPATH\CodeIgniter.php(942): App\Controllers\Home->administracion()
 7 SYSTEMPATH\CodeIgniter.php(502): CodeIgniter\CodeIgniter->runController(Object(App\Controllers\Home))
 8 SYSTEMPATH\CodeIgniter.php(361): CodeIgniter\CodeIgniter->handleRequest(null, Object(Config\Cache), false)
 9 FCPATH\index.php(79): CodeIgniter\CodeIgniter->run()
INFO - 2023-12-04 19:51:48 --> Session: Class initialized using 'CodeIgniter\Session\Handlers\FileHandler' driver.
CRITICAL - 2023-12-04 19:51:48 --> Undefined variable $Cantidaddepacientes
in APPPATH\Views\projects\administrar.php on line 146.
 1 APPPATH\Views\projects\administrar.php(146): CodeIgniter\Debug\Exceptions->errorHandler(2, 'Undefined variable $Cantidaddepacientes', 'C:\\xampp\\htdocs\\vacunacion_infantil\\app\\Views\\projects\\administrar.php', 146)
 2 SYSTEMPATH\View\View.php(228): include('C:\\xampp\\htdocs\\vacunacion_infantil\\app\\Views\\projects\\administrar.php')
 3 SYSTEMPATH\View\View.php(231): CodeIgniter\View\View->CodeIgniter\View\{closure}()
 4 SYSTEMPATH\Common.php(1190): CodeIgniter\View\View->render('projects/administrar', [], true)
 5 APPPATH\Controllers\Home.php(77): view('projects/administrar', [...])
 6 SYSTEMPATH\CodeIgniter.php(942): App\Controllers\Home->administracion()
 7 SYSTEMPATH\CodeIgniter.php(502): CodeIgniter\CodeIgniter->runController(Object(App\Controllers\Home))
 8 SYSTEMPATH\CodeIgniter.php(361): CodeIgniter\CodeIgniter->handleRequest(null, Object(Config\Cache), false)
 9 FCPATH\index.php(79): CodeIgniter\CodeIgniter->run()
INFO - 2023-12-04 19:54:30 --> Session: Class initialized using 'CodeIgniter\Session\Handlers\FileHandler' driver.
CRITICAL - 2023-12-04 19:54:31 --> Undefined variable $Cantidaddepacientes
in APPPATH\Views\projects\administrar.php on line 146.
 1 APPPATH\Views\projects\administrar.php(146): CodeIgniter\Debug\Exceptions->errorHandler(2, 'Undefined variable $Cantidaddepacientes', 'C:\\xampp\\htdocs\\vacunacion_infantil\\app\\Views\\projects\\administrar.php', 146)
 2 SYSTEMPATH\View\View.php(228): include('C:\\xampp\\htdocs\\vacunacion_infantil\\app\\Views\\projects\\administrar.php')
 3 SYSTEMPATH\View\View.php(231): CodeIgniter\View\View->CodeIgniter\View\{closure}()
 4 SYSTEMPATH\Common.php(1190): CodeIgniter\View\View->render('projects/administrar', [], true)
 5 APPPATH\Controllers\Home.php(77): view('projects/administrar', [...])
 6 SYSTEMPATH\CodeIgniter.php(942): App\Controllers\Home->administracion()
 7 SYSTEMPATH\CodeIgniter.php(502): CodeIgniter\CodeIgniter->runController(Object(App\Controllers\Home))
 8 SYSTEMPATH\CodeIgniter.php(361): CodeIgniter\CodeIgniter->handleRequest(null, Object(Config\Cache), false)
 9 FCPATH\index.php(79): CodeIgniter\CodeIgniter->run()
INFO - 2023-12-04 19:55:05 --> Session: Class initialized using 'CodeIgniter\Session\Handlers\FileHandler' driver.
CRITICAL - 2023-12-04 19:55:05 --> Undefined variable $Cantidaddepacientes
in APPPATH\Views\projects\administrar.php on line 146.
 1 APPPATH\Views\projects\administrar.php(146): CodeIgniter\Debug\Exceptions->errorHandler(2, 'Undefined variable $Cantidaddepacientes', 'C:\\xampp\\htdocs\\vacunacion_infantil\\app\\Views\\projects\\administrar.php', 146)
 2 SYSTEMPATH\View\View.php(228): include('C:\\xampp\\htdocs\\vacunacion_infantil\\app\\Views\\projects\\administrar.php')
 3 SYSTEMPATH\View\View.php(231): CodeIgniter\View\View->CodeIgniter\View\{closure}()
 4 SYSTEMPATH\Common.php(1190): CodeIgniter\View\View->render('projects/administrar', [], true)
 5 APPPATH\Controllers\Home.php(77): view('projects/administrar', [...])
 6 SYSTEMPATH\CodeIgniter.php(942): App\Controllers\Home->administracion()
 7 SYSTEMPATH\CodeIgniter.php(502): CodeIgniter\CodeIgniter->runController(Object(App\Controllers\Home))
 8 SYSTEMPATH\CodeIgniter.php(361): CodeIgniter\CodeIgniter->handleRequest(null, Object(Config\Cache), false)
 9 FCPATH\index.php(79): CodeIgniter\CodeIgniter->run()
INFO - 2023-12-04 19:55:21 --> Session: Class initialized using 'CodeIgniter\Session\Handlers\FileHandler' driver.
CRITICAL - 2023-12-04 19:55:21 --> Undefined constant "CantidadInfantiles"
in APPPATH\Views\projects\administrar.php on line 146.
 1 SYSTEMPATH\View\View.php(228): include()
 2 SYSTEMPATH\View\View.php(231): CodeIgniter\View\View->CodeIgniter\View\{closure}()
 3 SYSTEMPATH\Common.php(1190): CodeIgniter\View\View->render('projects/administrar', [], true)
 4 APPPATH\Controllers\Home.php(77): view('projects/administrar', [...])
 5 SYSTEMPATH\CodeIgniter.php(942): App\Controllers\Home->administracion()
 6 SYSTEMPATH\CodeIgniter.php(502): CodeIgniter\CodeIgniter->runController(Object(App\Controllers\Home))
 7 SYSTEMPATH\CodeIgniter.php(361): CodeIgniter\CodeIgniter->handleRequest(null, Object(Config\Cache), false)
 8 FCPATH\index.php(79): CodeIgniter\CodeIgniter->run()
INFO - 2023-12-04 19:55:37 --> Session: Class initialized using 'CodeIgniter\Session\Handlers\FileHandler' driver.
INFO - 2023-12-04 19:59:01 --> Session: Class initialized using 'CodeIgniter\Session\Handlers\FileHandler' driver.
INFO - 2023-12-04 19:59:30 --> Session: Class initialized using 'CodeIgniter\Session\Handlers\FileHandler' driver.
INFO - 2023-12-04 19:59:54 --> Session: Class initialized using 'CodeIgniter\Session\Handlers\FileHandler' driver.
INFO - 2023-12-04 19:59:55 --> Session: Class initialized using 'CodeIgniter\Session\Handlers\FileHandler' driver.
INFO - 2023-12-04 20:00:03 --> Session: Class initialized using 'CodeIgniter\Session\Handlers\FileHandler' driver.
INFO - 2023-12-04 20:00:03 --> Session: Class initialized using 'CodeIgniter\Session\Handlers\FileHandler' driver.
INFO - 2023-12-04 20:41:03 --> Session: Class initialized using 'CodeIgniter\Session\Handlers\FileHandler' driver.
CRITICAL - 2023-12-04 20:41:10 --> Class "App\Controller\BaseController" not found
in APPPATH\Controllers\Vacunas.php on line 10.
 1 SYSTEMPATH\Autoloader\Autoloader.php(312): include_once()
 2 SYSTEMPATH\Autoloader\Autoloader.php(291): CodeIgniter\Autoloader\Autoloader->includeFile('C:\\xampp\\htdocs\\vacunacion_infantil\\app\\Controllers\\Vacunas.php')
 3 SYSTEMPATH\Autoloader\Autoloader.php(269): CodeIgniter\Autoloader\Autoloader->loadInNamespace('App\\Controllers\\Vacunas')
 4 [internal function]: CodeIgniter\Autoloader\Autoloader->loadClass('App\\Controllers\\Vacunas')
 5 SYSTEMPATH\CodeIgniter.php(900): class_exists('\\App\\Controllers\\Vacunas', true)
 6 SYSTEMPATH\CodeIgniter.php(489): CodeIgniter\CodeIgniter->startController()
 7 SYSTEMPATH\CodeIgniter.php(361): CodeIgniter\CodeIgniter->handleRequest(null, Object(Config\Cache), false)
 8 FCPATH\index.php(79): CodeIgniter\CodeIgniter->run()
INFO - 2023-12-04 20:41:50 --> Session: Class initialized using 'CodeIgniter\Session\Handlers\FileHandler' driver.
INFO - 2023-12-04 20:44:18 --> Session: Class initialized using 'CodeIgniter\Session\Handlers\FileHandler' driver.
INFO - 2023-12-04 20:48:03 --> Session: Class initialized using 'CodeIgniter\Session\Handlers\FileHandler' driver.
INFO - 2023-12-04 20:48:52 --> Session: Class initialized using 'CodeIgniter\Session\Handlers\FileHandler' driver.
INFO - 2023-12-04 20:49:03 --> Session: Class initialized using 'CodeIgniter\Session\Handlers\FileHandler' driver.
INFO - 2023-12-04 20:50:05 --> Session: Class initialized using 'CodeIgniter\Session\Handlers\FileHandler' driver.
INFO - 2023-12-04 20:50:07 --> Session: Class initialized using 'CodeIgniter\Session\Handlers\FileHandler' driver.
INFO - 2023-12-04 20:50:37 --> Session: Class initialized using 'CodeIgniter\Session\Handlers\FileHandler' driver.
INFO - 2023-12-04 20:51:18 --> Session: Class initialized using 'CodeIgniter\Session\Handlers\FileHandler' driver.
