INFO - 2023-12-07 21:26:53 --> Session: Class initialized using 'CodeIgniter\Session\Handlers\FileHandler' driver.
INFO - 2023-12-07 21:27:03 --> Session: Class initialized using 'CodeIgniter\Session\Handlers\FileHandler' driver.
INFO - 2023-12-07 21:27:03 --> Session: Class initialized using 'CodeIgniter\Session\Handlers\FileHandler' driver.
CRITICAL - 2023-12-07 21:27:10 --> Call to undefined method App\Controllers\Vacunas::listarVacunas()
in APPPATH\Controllers\Vacunas.php on line 19.
 1 SYSTEMPATH\CodeIgniter.php(942): App\Controllers\Vacunas->Listado_Vacunas()
 2 SYSTEMPATH\CodeIgniter.php(502): CodeIgniter\CodeIgniter->runController(Object(App\Controllers\Vacunas))
 3 SYSTEMPATH\CodeIgniter.php(361): CodeIgniter\CodeIgniter->handleRequest(null, Object(Config\Cache), false)
 4 FCPATH\index.php(79): CodeIgniter\CodeIgniter->run()
INFO - 2023-12-07 21:27:40 --> Session: Class initialized using 'CodeIgniter\Session\Handlers\FileHandler' driver.
INFO - 2023-12-07 21:28:26 --> Session: Class initialized using 'CodeIgniter\Session\Handlers\FileHandler' driver.
INFO - 2023-12-07 21:28:32 --> Session: Class initialized using 'CodeIgniter\Session\Handlers\FileHandler' driver.
INFO - 2023-12-07 21:28:35 --> Session: Class initialized using 'CodeIgniter\Session\Handlers\FileHandler' driver.
INFO - 2023-12-07 21:28:36 --> Session: Class initialized using 'CodeIgniter\Session\Handlers\FileHandler' driver.
INFO - 2023-12-07 21:29:13 --> Session: Class initialized using 'CodeIgniter\Session\Handlers\FileHandler' driver.
INFO - 2023-12-07 21:48:02 --> Session: Class initialized using 'CodeIgniter\Session\Handlers\FileHandler' driver.
CRITICAL - 2023-12-07 21:55:20 --> Undefined property: stdClass::$vacuna
in APPPATH\Views\projects\vacunas_list.php on line 142.
 1 APPPATH\Views\projects\vacunas_list.php(142): CodeIgniter\Debug\Exceptions->errorHandler(2, 'Undefined property: stdClass::$vacuna', 'C:\\xampp\\htdocs\\vacunacion_infantil\\app\\Views\\projects\\vacunas_list.php', 142)
 2 SYSTEMPATH\View\View.php(228): include('C:\\xampp\\htdocs\\vacunacion_infantil\\app\\Views\\projects\\vacunas_list.php')
 3 SYSTEMPATH\View\View.php(231): CodeIgniter\View\View->CodeIgniter\View\{closure}()
 4 SYSTEMPATH\Common.php(1190): CodeIgniter\View\View->render('projects/vacunas_list', [], true)
 5 APPPATH\Controllers\Vacunas.php(22): view('projects/vacunas_list', [...])
 6 SYSTEMPATH\CodeIgniter.php(942): App\Controllers\Vacunas->Listado_Vacunas()
 7 SYSTEMPATH\CodeIgniter.php(502): CodeIgniter\CodeIgniter->runController(Object(App\Controllers\Vacunas))
 8 SYSTEMPATH\CodeIgniter.php(361): CodeIgniter\CodeIgniter->handleRequest(null, Object(Config\Cache), false)
 9 FCPATH\index.php(79): CodeIgniter\CodeIgniter->run()
INFO - 2023-12-07 22:36:57 --> Session: Class initialized using 'CodeIgniter\Session\Handlers\FileHandler' driver.
INFO - 2023-12-07 22:39:43 --> Session: Class initialized using 'CodeIgniter\Session\Handlers\FileHandler' driver.
